время вызова: 2023-02-07 12:03:51.174613
имя функции: hello_world
параметры: ()
именованные параметры: {}
результат функции: Hello World

время вызова: 2023-02-07 12:03:51.174740
имя функции: summator
параметры: (2, 2)
именованные параметры: {}
результат функции: 4

время вызова: 2023-02-07 12:03:51.174793
имя функции: div
параметры: (6, 2)
именованные параметры: {}
результат функции: 3.0

время вызова: 2023-02-07 12:03:51.174852
имя функции: summator
параметры: (4.3,)
именованные параметры: {'b': 2.2}
результат функции: 6.5

время вызова: 2023-02-07 12:03:51.174902
имя функции: summator
параметры: ()
именованные параметры: {'a': 0, 'b': 0}
результат функции: 0

